#
# A fatal error has been detected by the Java Runtime Environment:
#
#  EXCEPTION_ACCESS_VIOLATION (0xc0000005) at pc=0x00000000253924b0, pid=6456, tid=5376
#
# JRE version: 7.0_21-b11
# Java VM: Java HotSpot(TM) 64-Bit Server VM (23.21-b01 mixed mode windows-amd64 compressed oops)
# Problematic frame:
# C  0x00000000253924b0
#
# Failed to write core dump. Minidumps are not enabled by default on client versions of Windows
#
# If you would like to submit a bug report, please visit:
#   http://bugreport.sun.com/bugreport/crash.jsp
# The crash happened outside the Java Virtual Machine in native code.
# See problematic frame for where to report the bug.
#

---------------  T H R E A D  ---------------

Current thread (0x0000000002a2b800):  JavaThread "Finalizer" daemon [_thread_in_native, id=5376, stack(0x0000000023300000,0x0000000023500000)]

siginfo: ExceptionCode=0xc0000005, ExceptionInformation=0x0000000000000008 0x00000000253924b0

Registers:
RAX=0x00000000253924b0, RBX=0x00000005fe156360, RCX=0x0000000002a2b9d8, RDX=0x00000000234feb18
RSP=0x00000000234fea68, RBP=0x00000000234feae8, RSI=0x0000000002a2b800, RDI=0x0000000000000000
R8 =0x0000000024e9f210, R9 =0x0000000000000001, R10=0x0000000002e3237c, R11=0x00000000563e3570
R12=0x0000000000000000, R13=0x00000005fe156360, R14=0x00000000234feb18, R15=0x0000000002a2b800
RIP=0x00000000253924b0, EFLAGS=0x0000000000010283

Top of Stack: (sp=0x00000000234fea68)
0x00000000234fea68:   0000000002e323a8 0000000000000000
0x00000000234fea78:   00000005fab46948 0000000000000000
0x00000000234fea88:   00000000234feac0 00000000234feb08
0x00000000234fea98:   0000000002e261f8 0000000000000000
0x00000000234feaa8:   00000000234feaa8 0000000000000000
0x00000000234feab8:   00000000234feb18 00000005fe15ec98
0x00000000234feac8:   0000000000000000 00000005fe156360
0x00000000234fead8:   0000000000000000 00000000234feb08
0x00000000234feae8:   00000000234feb60 0000000002e261f8
0x00000000234feaf8:   0000000000000000 0000000002e2f1d8
0x00000000234feb08:   0000000024e9f210 0000000024e9f210
0x00000000234feb18:   0000000607234950 00000000234feb20
0x00000000234feb28:   00000005fe21a9a1 00000000234feb80
0x00000000234feb38:   00000005fe237540 0000000000000000
0x00000000234feb48:   00000005fe21aa20 00000000234feb08
0x00000000234feb58:   00000000234feb80 00000000234fec60 

Instructions: (pc=0x00000000253924b0)
0x0000000025392490:   
[error occurred during error reporting (printing registers, top of stack, instructions near pc), id 0xc0000005]

Register to memory mapping:

RAX=0x00000000253924b0 is an unknown value
RBX=0x00000005fe156360 is an oop
{method} 
 - klass: {other class}
RCX=0x0000000002a2b9d8 is an unknown value
RDX=0x00000000234feb18 is pointing into the stack for thread: 0x0000000002a2b800
RSP=0x00000000234fea68 is pointing into the stack for thread: 0x0000000002a2b800
RBP=0x00000000234feae8 is pointing into the stack for thread: 0x0000000002a2b800
RSI=0x0000000002a2b800 is a thread
RDI=0x0000000000000000 is an unknown value
R8 =0x0000000024e9f210 is an unknown value
R9 =0x0000000000000001 is an unknown value
R10=0x0000000002e3237c is an Interpreter codelet
method entry point (kind = native)  [0x0000000002e32100, 0x0000000002e32980]  2176 bytes
R11=0x00000000563e3570 is an unknown value
R12=0x0000000000000000 is an unknown value
R13=0x00000005fe156360 is an oop
{method} 
 - klass: {other class}
R14=0x00000000234feb18 is pointing into the stack for thread: 0x0000000002a2b800
R15=0x0000000002a2b800 is a thread


Stack: [0x0000000023300000,0x0000000023500000],  sp=0x00000000234fea68,  free space=2042k
Native frames: (J=compiled Java code, j=interpreted, Vv=VM code, C=native code)
C  0x00000000253924b0
j  com.kenai.jffi.CallContext.finalize()V+17
v  ~StubRoutines::call_stub
V  [jvm.dll+0x1afd14]
C  [KERNELBASE.dll+0x10dc]  WaitForSingleObjectEx+0x9c

Java frames: (J=compiled Java code, j=interpreted, Vv=VM code)
j  com.kenai.jffi.Foreign.freeCallContext(J)V+0
j  com.kenai.jffi.CallContext.finalize()V+17
v  ~StubRoutines::call_stub
J  java.lang.ref.Finalizer.invokeFinalizeMethod(Ljava/lang/Object;)V
J  java.lang.ref.Finalizer.access$100(Ljava/lang/ref/Finalizer;)V
J  java.lang.ref.Finalizer$FinalizerThread.run()V
v  ~StubRoutines::call_stub

---------------  P R O C E S S  ---------------

Java Threads: ( => current thread )
  0x000000002423b800 JavaThread "Keep-Alive-Timer" daemon [_thread_blocked, id=556, stack(0x000000002bbd0000,0x000000002bdd0000)]
  0x0000000024237800 JavaThread "Local Plugin Loader" [_thread_in_native, id=548, stack(0x000000002d6f0000,0x000000002d8f0000)]
  0x0000000024239800 JavaThread "Instance processor (normal priority)" [_thread_blocked, id=5792, stack(0x000000002b6b0000,0x000000002b8b0000)]
  0x0000000024233800 JavaThread "Instance processor (normal priority)" [_thread_blocked, id=4076, stack(0x000000002ad20000,0x000000002af20000)]
  0x000000002423c000 JavaThread "Instance processor (normal priority)" [_thread_blocked, id=2100, stack(0x0000000025d00000,0x0000000025f00000)]
  0x0000000024233000 JavaThread "Instance processor (normal priority)" [_thread_blocked, id=5048, stack(0x000000002aab0000,0x000000002acb0000)]
  0x0000000024238000 JavaThread "Instance processor (normal priority)" [_thread_blocked, id=2732, stack(0x000000002d4f0000,0x000000002d6f0000)]
  0x000000002423d800 JavaThread "Workspace installer" [_thread_blocked, id=6152, stack(0x0000000025f40000,0x0000000026140000)]
  0x000000002422e800 JavaThread "Trident callback thread" daemon [_thread_blocked, id=6768, stack(0x0000000025ab0000,0x0000000025cb0000)]
  0x0000000024236000 JavaThread "Trident pulse source thread" daemon [_thread_blocked, id=7528, stack(0x00000000257b0000,0x00000000259b0000)]
  0x0000000024239000 JavaThread "Plugin installer" [_thread_blocked, id=6836, stack(0x000000002d910000,0x000000002db10000)]
  0x0000000024230000 JavaThread "DestroyJavaVM" [_thread_blocked, id=5012, stack(0x0000000002c20000,0x0000000002e20000)]
  0x000000002422f000 JavaThread "Chat IRC listener" [_thread_in_native, id=5612, stack(0x000000002d190000,0x000000002d390000)]
  0x0000000024231800 JavaThread "TaskFrame manager" [_thread_blocked, id=4292, stack(0x000000002a460000,0x000000002a660000)]
  0x0000000024232000 JavaThread "Memory / CPU monitor" [_thread_blocked, id=2612, stack(0x000000002a060000,0x000000002a260000)]
  0x0000000024236800 JavaThread "ROI properties calculator" [_thread_blocked, id=4408, stack(0x000000002b8f0000,0x000000002baf0000)]
  0x0000000024235000 JavaThread "pool-20-thread-1" [_thread_blocked, id=6528, stack(0x000000002b310000,0x000000002b510000)]
  0x0000000024234800 JavaThread "TimerQueue" daemon [_thread_blocked, id=7352, stack(0x000000002b000000,0x000000002b200000)]
  0x0000000027e2d000 JavaThread "Online Plugin Loader" [_thread_in_native, id=344, stack(0x00000000293d0000,0x00000000295d0000)]
  0x0000000027c04000 JavaThread "KeyTipManager processing thread" daemon [_thread_blocked, id=4924, stack(0x0000000028ee0000,0x00000000290e0000)]
  0x0000000027a6b000 JavaThread "Substance heap status" daemon [_thread_blocked, id=7780, stack(0x00000000289b0000,0x0000000028bb0000)]
  0x0000000024530000 JavaThread "Internet monitor" [_thread_blocked, id=7048, stack(0x0000000027060000,0x0000000027260000)]
  0x00000000244a1800 JavaThread "AWT-EventQueue-0" [_thread_blocked, id=1992, stack(0x0000000026b10000,0x0000000026d10000)]
  0x00000000242b5800 JavaThread "AWT-Windows" daemon [_thread_in_native, id=3348, stack(0x0000000025000000,0x0000000025200000)]
  0x000000002420d000 JavaThread "AWT-Shutdown" [_thread_blocked, id=6216, stack(0x0000000024c90000,0x0000000024e90000)]
  0x000000002428f000 JavaThread "Java2D Disposer" daemon [_thread_blocked, id=3552, stack(0x00000000249e0000,0x0000000024be0000)]
  0x0000000020680800 JavaThread "Service Thread" daemon [_thread_blocked, id=7496, stack(0x0000000023cc0000,0x0000000023ec0000)]
  0x0000000020680000 JavaThread "C2 CompilerThread1" daemon [_thread_blocked, id=8116, stack(0x0000000023b40000,0x0000000023c40000)]
  0x0000000020678000 JavaThread "C2 CompilerThread0" daemon [_thread_blocked, id=3368, stack(0x0000000023a20000,0x0000000023b20000)]
  0x0000000020675000 JavaThread "Attach Listener" daemon [_thread_blocked, id=6336, stack(0x0000000023780000,0x0000000023980000)]
  0x0000000020674000 JavaThread "Signal Dispatcher" daemon [_thread_blocked, id=7284, stack(0x0000000023500000,0x0000000023700000)]
=>0x0000000002a2b800 JavaThread "Finalizer" daemon [_thread_in_native, id=5376, stack(0x0000000023300000,0x0000000023500000)]
  0x000000001e036800 JavaThread "Reference Handler" daemon [_thread_blocked, id=5676, stack(0x0000000022f70000,0x0000000023170000)]

Other Threads:
  0x00000000205e8800 VMThread [stack: 0x0000000022e30000,0x0000000022f30000] [id=5736]
  0x0000000020695800 WatcherThread [stack: 0x0000000023fb0000,0x00000000240b0000] [id=2604]

VM state:not at safepoint (normal execution)

VM Mutex/Monitor currently owned by a thread: None

Heap
 PSYoungGen      total 493824K, used 10044K [0x0000000756000000, 0x000000077a510000, 0x0000000800000000)
  eden space 437056K, 2% used [0x0000000756000000,0x00000007569cf0e8,0x0000000770ad0000)
  from space 56768K, 0% used [0x0000000776da0000,0x0000000776da0000,0x000000077a510000)
  to   space 78976K, 0% used [0x0000000770ad0000,0x0000000770ad0000,0x00000007757f0000)
 ParOldGen       total 281344K, used 159040K [0x0000000602000000, 0x00000006132c0000, 0x0000000756000000)
  object space 281344K, 56% used [0x0000000602000000,0x000000060bb501c0,0x00000006132c0000)
 PSPermGen       total 117952K, used 88327K [0x00000005fa000000, 0x0000000601330000, 0x0000000602000000)
  object space 117952K, 74% used [0x00000005fa000000,0x00000005ff641d98,0x0000000601330000)

Card table byte_map: [0x0000000005e20000,0x0000000006e60000] byte_map_base: 0x0000000002e50000

Polling page: 0x0000000000230000

Code Cache  [0x0000000002e20000, 0x0000000003310000, 0x0000000005e20000)
 total_blobs=2273 nmethods=1532 adapters=690 free_code_cache=44340Kb largest_free_block=45169280

Compilation events (10 events):
Event: 427.157 Thread 0x0000000020678000 1667             javax.swing.text.CompositeView::getRightInset (5 bytes)
Event: 427.158 Thread 0x0000000020678000 nmethod 1667 0x00000000031cd2d0 code [0x00000000031cd400, 0x00000000031cd458]
Event: 427.772 Thread 0x0000000020680000 1668  s          sun.security.provider.SecureRandom::engineNextBytes (242 bytes)
Event: 427.783 Thread 0x0000000020680000 nmethod 1668 0x0000000003264b50 code [0x0000000003264ce0, 0x00000000032656d0]
Event: 428.286 Thread 0x0000000020678000 1669             java.util.concurrent.locks.AbstractQueuedSynchronizer::isOnSyncQueue (33 bytes)
Event: 428.287 Thread 0x0000000020678000 nmethod 1669 0x0000000003264850 code [0x0000000003264980, 0x0000000003264a58]
Event: 429.025 Thread 0x0000000020680000 1670             org.pushingpixels.substance.internal.animation.StateTransitionTracker$StateContributionInfo::getContribution (5 by
Event: 429.025 Thread 0x0000000020680000 nmethod 1670 0x00000000031cd0d0 code [0x00000000031cd200, 0x00000000031cd258]
Event: 429.464 Thread 0x0000000020678000 1671  s!         sun.misc.URLClassPath::getLoader (154 bytes)
Event: 429.476 Thread 0x0000000020678000 nmethod 1671 0x00000000031e1990 code [0x00000000031e1b40, 0x00000000031e28f0]

GC Heap History (10 events):
Event: 343.926 GC heap before
{Heap before GC invocations=10 (full 1):
 PSYoungGen      total 568768K, used 69227K [0x0000000756000000, 0x000000077f650000, 0x0000000800000000)
  eden space 499520K, 0% used [0x0000000756000000,0x0000000756000000,0x00000007747d0000)
  from space 69248K, 99% used [0x0000000775e80000,0x000000077a21ac98,0x000000077a220000)
  to   space 86208K, 0% used [0x000000077a220000,0x000000077a220000,0x000000077f650000)
 ParOldGen       total 174272K, used 145653K [0x0000000602000000, 0x000000060ca30000, 0x0000000756000000)
  object space 174272K, 83% used [0x0000000602000000,0x000000060ae3d750,0x000000060ca30000)
 PSPermGen       total 59072K, used 58976K [0x00000005fa000000, 0x00000005fd9b0000, 0x0000000602000000)
  object space 59072K, 99% used [0x00000005fa000000,0x00000005fd998240,0x00000005fd9b0000)
Event: 344.133 GC heap after
Heap after GC invocations=10 (full 1):
 PSYoungGen      total 568768K, used 0K [0x0000000756000000, 0x000000077f650000, 0x0000000800000000)
  eden space 499520K, 0% used [0x0000000756000000,0x0000000756000000,0x00000007747d0000)
  from space 69248K, 0% used [0x0000000775e80000,0x0000000775e80000,0x000000077a220000)
  to   space 86208K, 0% used [0x000000077a220000,0x000000077a220000,0x000000077f650000)
 ParOldGen       total 254016K, used 139245K [0x0000000602000000, 0x0000000611810000, 0x0000000756000000)
  object space 254016K, 54% used [0x0000000602000000,0x000000060a7fb568,0x0000000611810000)
 PSPermGen       total 117952K, used 58937K [0x00000005fa000000, 0x0000000601330000, 0x0000000602000000)
  object space 117952K, 49% used [0x00000005fa000000,0x00000005fd98e6c0,0x0000000601330000)
}
Event: 360.977 GC heap before
{Heap before GC invocations=11 (full 1):
 PSYoungGen      total 568768K, used 499520K [0x0000000756000000, 0x000000077f650000, 0x0000000800000000)
  eden space 499520K, 100% used [0x0000000756000000,0x00000007747d0000,0x00000007747d0000)
  from space 69248K, 0% used [0x0000000775e80000,0x0000000775e80000,0x000000077a220000)
  to   space 86208K, 0% used [0x000000077a220000,0x000000077a220000,0x000000077f650000)
 ParOldGen       total 254016K, used 139245K [0x0000000602000000, 0x0000000611810000, 0x0000000756000000)
  object space 254016K, 54% used [0x0000000602000000,0x000000060a7fb5c8,0x0000000611810000)
 PSPermGen       total 117952K, used 71164K [0x00000005fa000000, 0x0000000601330000, 0x0000000602000000)
  object space 117952K, 60% used [0x00000005fa000000,0x00000005fe57f2a0,0x0000000601330000)
Event: 361.007 GC heap after
Heap after GC invocations=11 (full 1):
 PSYoungGen      total 534528K, used 44306K [0x0000000756000000, 0x000000077d9b0000, 0x0000000800000000)
  eden space 477632K, 0% used [0x0000000756000000,0x0000000756000000,0x0000000773270000)
  from space 56896K, 77% used [0x000000077a220000,0x000000077cd64af8,0x000000077d9b0000)
  to   space 85632K, 0% used [0x0000000773270000,0x0000000773270000,0x0000000778610000)
 ParOldGen       total 254016K, used 139253K [0x0000000602000000, 0x0000000611810000, 0x0000000756000000)
  object space 254016K, 54% used [0x0000000602000000,0x000000060a7fd5c8,0x0000000611810000)
 PSPermGen       total 117952K, used 71164K [0x00000005fa000000, 0x0000000601330000, 0x0000000602000000)
  object space 117952K, 60% used [0x00000005fa000000,0x00000005fe57f2a0,0x0000000601330000)
}
Event: 365.346 GC heap before
{Heap before GC invocations=12 (full 1):
 PSYoungGen      total 534528K, used 521938K [0x0000000756000000, 0x000000077d9b0000, 0x0000000800000000)
  eden space 477632K, 100% used [0x0000000756000000,0x0000000773270000,0x0000000773270000)
  from space 56896K, 77% used [0x000000077a220000,0x000000077cd64af8,0x000000077d9b0000)
  to   space 85632K, 0% used [0x0000000773270000,0x0000000773270000,0x0000000778610000)
 ParOldGen       total 254016K, used 139322K [0x0000000602000000, 0x0000000611810000, 0x0000000756000000)
  object space 254016K, 54% used [0x0000000602000000,0x000000060a80ebf0,0x0000000611810000)
 PSPermGen       total 117952K, used 84107K [0x00000005fa000000, 0x0000000601330000, 0x0000000602000000)
  object space 117952K, 71% used [0x00000005fa000000,0x00000005ff222c28,0x0000000601330000)
Event: 365.383 GC heap after
Heap after GC invocations=12 (full 1):
 PSYoungGen      total 497472K, used 40598K [0x0000000756000000, 0x000000077bd20000, 0x0000000800000000)
  eden space 456832K, 0% used [0x0000000756000000,0x0000000756000000,0x0000000771e20000)
  from space 40640K, 99% used [0x0000000773270000,0x0000000775a15a20,0x0000000775a20000)
  to   space 81408K, 0% used [0x0000000776da0000,0x0000000776da0000,0x000000077bd20000)
 ParOldGen       total 254016K, used 170831K [0x0000000602000000, 0x0000000611810000, 0x0000000756000000)
  object space 254016K, 67% used [0x0000000602000000,0x000000060c6d3dc0,0x0000000611810000)
 PSPermGen       total 117952K, used 84107K [0x00000005fa000000, 0x0000000601330000, 0x0000000602000000)
  object space 117952K, 71% used [0x00000005fa000000,0x00000005ff222c28,0x0000000601330000)
}
Event: 429.488 GC heap before
{Heap before GC invocations=13 (full 1):
 PSYoungGen      total 497472K, used 497430K [0x0000000756000000, 0x000000077bd20000, 0x0000000800000000)
  eden space 456832K, 100% used [0x0000000756000000,0x0000000771e20000,0x0000000771e20000)
  from space 40640K, 99% used [0x0000000773270000,0x0000000775a15a20,0x0000000775a20000)
  to   space 81408K, 0% used [0x0000000776da0000,0x0000000776da0000,0x000000077bd20000)
 ParOldGen       total 254016K, used 170831K [0x0000000602000000, 0x0000000611810000, 0x0000000756000000)
  object space 254016K, 67% used [0x0000000602000000,0x000000060c6d3dc0,0x0000000611810000)
 PSPermGen       total 117952K, used 88137K [0x00000005fa000000, 0x0000000601330000, 0x0000000602000000)
  object space 117952K, 74% used [0x00000005fa000000,0x00000005ff612478,0x0000000601330000)
Event: 429.530 GC heap after
Heap after GC invocations=13 (full 1):
 PSYoungGen      total 493824K, used 32620K [0x0000000756000000, 0x000000077a510000, 0x0000000800000000)
  eden space 437056K, 0% used [0x0000000756000000,0x0000000756000000,0x0000000770ad0000)
  from space 56768K, 57% used [0x0000000776da0000,0x0000000778d7b280,0x000000077a510000)
  to   space 78976K, 0% used [0x0000000770ad0000,0x0000000770ad0000,0x00000007757f0000)
 ParOldGen       total 254016K, used 209312K [0x0000000602000000, 0x0000000611810000, 0x0000000756000000)
  object space 254016K, 82% used [0x0000000602000000,0x000000060ec682f8,0x0000000611810000)
 PSPermGen       total 117952K, used 88137K [0x00000005fa000000, 0x0000000601330000, 0x0000000602000000)
  object space 117952K, 74% used [0x00000005fa000000,0x00000005ff612478,0x0000000601330000)
}
Event: 429.530 GC heap before
{Heap before GC invocations=14 (full 2):
 PSYoungGen      total 493824K, used 32620K [0x0000000756000000, 0x000000077a510000, 0x0000000800000000)
  eden space 437056K, 0% used [0x0000000756000000,0x0000000756000000,0x0000000770ad0000)
  from space 56768K, 57% used [0x0000000776da0000,0x0000000778d7b280,0x000000077a510000)
  to   space 78976K, 0% used [0x0000000770ad0000,0x0000000770ad0000,0x00000007757f0000)
 ParOldGen       total 254016K, used 209312K [0x0000000602000000, 0x0000000611810000, 0x0000000756000000)
  object space 254016K, 82% used [0x0000000602000000,0x000000060ec682f8,0x0000000611810000)
 PSPermGen       total 117952K, used 88137K [0x00000005fa000000, 0x0000000601330000, 0x0000000602000000)
  object space 117952K, 74% used [0x00000005fa000000,0x00000005ff612478,0x0000000601330000)
Event: 429.767 GC heap after
Heap after GC invocations=14 (full 2):
 PSYoungGen      total 493824K, used 0K [0x0000000756000000, 0x000000077a510000, 0x0000000800000000)
  eden space 437056K, 0% used [0x0000000756000000,0x0000000756000000,0x0000000770ad0000)
  from space 56768K, 0% used [0x0000000776da0000,0x0000000776da0000,0x000000077a510000)
  to   space 78976K, 0% used [0x0000000770ad0000,0x0000000770ad0000,0x00000007757f0000)
 ParOldGen       total 281344K, used 159040K [0x0000000602000000, 0x00000006132c0000, 0x0000000756000000)
  object space 281344K, 56% used [0x0000000602000000,0x000000060bb501c0,0x00000006132c0000)
 PSPermGen       total 117952K, used 88110K [0x00000005fa000000, 0x0000000601330000, 0x0000000602000000)
  object space 117952K, 74% used [0x00000005fa000000,0x00000005ff60ba28,0x0000000601330000)
}

Deoptimization events (10 events):
Event: 417.742 Thread 0x00000000244a1800 Uncommon trap -28 fr.pc 0x000000000321a0b8
Event: 425.692 Thread 0x00000000244a1800 Uncommon trap -34 fr.pc 0x000000000325e630
Event: 425.692 Thread 0x00000000244a1800 Uncommon trap -34 fr.pc 0x0000000003167980
Event: 425.692 Thread 0x00000000244a1800 Uncommon trap -34 fr.pc 0x000000000325a254
Event: 425.692 Thread 0x00000000244a1800 Uncommon trap -34 fr.pc 0x000000000325e630
Event: 425.692 Thread 0x00000000244a1800 Uncommon trap -34 fr.pc 0x0000000003167980
Event: 425.692 Thread 0x00000000244a1800 Uncommon trap -34 fr.pc 0x000000000325a254
Event: 425.699 Thread 0x00000000244a1800 Uncommon trap -34 fr.pc 0x000000000325e630
Event: 425.700 Thread 0x00000000244a1800 Uncommon trap -34 fr.pc 0x0000000003167980
Event: 425.700 Thread 0x00000000244a1800 Uncommon trap -34 fr.pc 0x0000000003167980

Internal exceptions (10 events):
Event: 429.486 Thread 0x0000000024237800 Threw 0x0000000771dd5b40 at C:\jdk7u2_64p\jdk7u21\hotspot\src\share\vm\prims\jvm.cpp:1166
Event: 429.486 Thread 0x0000000024237800 Threw 0x0000000771dd9d88 at C:\jdk7u2_64p\jdk7u21\hotspot\src\share\vm\prims\jvm.cpp:1166
Event: 429.486 Thread 0x0000000024237800 Threw 0x0000000771dda248 at C:\jdk7u2_64p\jdk7u21\hotspot\src\share\vm\prims\jvm.cpp:1166
Event: 429.486 Thread 0x0000000024237800 Threw 0x0000000771dde490 at C:\jdk7u2_64p\jdk7u21\hotspot\src\share\vm\prims\jvm.cpp:1166
Event: 429.487 Thread 0x0000000024237800 Threw 0x0000000771df9158 at C:\jdk7u2_64p\jdk7u21\hotspot\src\share\vm\prims\jvm.cpp:1166
Event: 429.487 Thread 0x0000000024237800 Threw 0x0000000771dfd730 at C:\jdk7u2_64p\jdk7u21\hotspot\src\share\vm\prims\jvm.cpp:1166
Event: 429.487 Thread 0x0000000024237800 Threw 0x0000000771dfdc08 at C:\jdk7u2_64p\jdk7u21\hotspot\src\share\vm\prims\jvm.cpp:1166
Event: 429.487 Thread 0x0000000024237800 Threw 0x0000000771e02170 at C:\jdk7u2_64p\jdk7u21\hotspot\src\share\vm\prims\jvm.cpp:1166
Event: 429.487 Thread 0x0000000024237800 Threw 0x0000000771e02648 at C:\jdk7u2_64p\jdk7u21\hotspot\src\share\vm\prims\jvm.cpp:1166
Event: 429.487 Thread 0x0000000024237800 Threw 0x0000000771e06bb0 at C:\jdk7u2_64p\jdk7u21\hotspot\src\share\vm\prims\jvm.cpp:1166

Events (10 events):
Event: 429.770 Executing VM operation: RevokeBias
Event: 429.771 Executing VM operation: RevokeBias done
Event: 429.771 Executing VM operation: RevokeBias
Event: 429.771 Executing VM operation: RevokeBias done
Event: 429.771 Executing VM operation: RevokeBias
Event: 429.771 Executing VM operation: RevokeBias done
Event: 429.771 Executing VM operation: RevokeBias
Event: 429.771 Executing VM operation: RevokeBias done
Event: 429.771 Executing VM operation: RevokeBias
Event: 429.771 Executing VM operation: RevokeBias done


Dynamic libraries:
0x000000013fbf0000 - 0x000000013fc23000 	C:\Program Files\Java\jre7\bin\java.exe
0x0000000077750000 - 0x00000000778f9000 	C:\windows\SYSTEM32\ntdll.dll
0x0000000077630000 - 0x000000007774f000 	C:\windows\system32\kernel32.dll
0x000007fefd880000 - 0x000007fefd8eb000 	C:\windows\system32\KERNELBASE.dll
0x000007fefdbc0000 - 0x000007fefdc9b000 	C:\windows\system32\ADVAPI32.dll
0x000007fefdca0000 - 0x000007fefdd3f000 	C:\windows\system32\msvcrt.dll
0x000007feff060000 - 0x000007feff07f000 	C:\windows\SYSTEM32\sechost.dll
0x000007feff930000 - 0x000007feffa5d000 	C:\windows\system32\RPCRT4.dll
0x0000000077530000 - 0x000000007762a000 	C:\windows\system32\USER32.dll
0x000007feff4b0000 - 0x000007feff517000 	C:\windows\system32\GDI32.dll
0x000007feff8a0000 - 0x000007feff8ae000 	C:\windows\system32\LPK.dll
0x000007fefef90000 - 0x000007feff059000 	C:\windows\system32\USP10.dll
0x000007fefbee0000 - 0x000007fefc0d4000 	C:\windows\WinSxS\amd64_microsoft.windows.common-controls_6595b64144ccf1df_6.0.7601.17514_none_fa396087175ac9ac\COMCTL32.dll
0x000007fefdb40000 - 0x000007fefdbb1000 	C:\windows\system32\SHLWAPI.dll
0x000007feff080000 - 0x000007feff0ae000 	C:\windows\system32\IMM32.DLL
0x000007feff300000 - 0x000007feff409000 	C:\windows\system32\MSCTF.dll
0x0000000062120000 - 0x00000000621f1000 	C:\Program Files\Java\jre7\bin\msvcr100.dll
0x0000000056220000 - 0x0000000056941000 	C:\Program Files\Java\jre7\bin\server\jvm.dll
0x000007fef7240000 - 0x000007fef7249000 	C:\windows\system32\WSOCK32.dll
0x000007feff5a0000 - 0x000007feff5ed000 	C:\windows\system32\WS2_32.dll
0x000007feff210000 - 0x000007feff218000 	C:\windows\system32\NSI.dll
0x000007fef9e70000 - 0x000007fef9eab000 	C:\windows\system32\WINMM.dll
0x0000000077910000 - 0x0000000077917000 	C:\windows\system32\PSAPI.DLL
0x0000000062e80000 - 0x0000000062e8f000 	C:\Program Files\Java\jre7\bin\verify.dll
0x0000000062570000 - 0x0000000062598000 	C:\Program Files\Java\jre7\bin\java.dll
0x0000000062900000 - 0x0000000062915000 	C:\Program Files\Java\jre7\bin\zip.dll
0x00000000628e0000 - 0x00000000628f9000 	C:\Program Files\Java\jre7\bin\net.dll
0x000007fefcd30000 - 0x000007fefcd85000 	C:\windows\system32\mswsock.dll
0x000007fefcd20000 - 0x000007fefcd27000 	C:\windows\System32\wship6.dll
0x0000000062280000 - 0x0000000062291000 	C:\Program Files\Java\jre7\bin\nio.dll
0x0000000061f80000 - 0x0000000062113000 	C:\Program Files\Java\jre7\bin\awt.dll
0x000007feff220000 - 0x000007feff2f7000 	C:\windows\system32\OLEAUT32.dll
0x000007fefd930000 - 0x000007fefdb33000 	C:\windows\system32\ole32.dll
0x000007fefb2f0000 - 0x000007fefb308000 	C:\windows\system32\DWMAPI.DLL
0x000007fefbb60000 - 0x000007fefbbb6000 	C:\windows\system32\uxtheme.dll
0x000007fefd3f0000 - 0x000007fefd3ff000 	C:\windows\system32\CRYPTBASE.dll
0x000007fef72b0000 - 0x000007fef72b9000 	C:\Program Files\Synergy\synrgyhk.DLL
0x000007fefe200000 - 0x000007fefef88000 	C:\windows\system32\SHELL32.dll
0x000007fefcd90000 - 0x000007fefcda7000 	C:\windows\system32\CRYPTSP.dll
0x000007fefca90000 - 0x000007fefcad7000 	C:\windows\system32\rsaenh.dll
0x000007fefc850000 - 0x000007fefc86e000 	C:\windows\system32\USERENV.dll
0x000007fefd500000 - 0x000007fefd50f000 	C:\windows\system32\profapi.dll
0x000007fefbb40000 - 0x000007fefbb55000 	C:\windows\system32\NLAapi.dll
0x000007fef7550000 - 0x000007fef7565000 	C:\windows\system32\napinsp.dll
0x000007fef7530000 - 0x000007fef7549000 	C:\windows\system32\pnrpnsp.dll
0x000007fefcbb0000 - 0x000007fefcc0b000 	C:\windows\system32\DNSAPI.dll
0x000007fef9070000 - 0x000007fef907b000 	C:\windows\System32\winrnr.dll
0x0000000063560000 - 0x0000000063569000 	C:\Program Files\National Instruments\Shared\mDNS Responder\nimdnsNSP.dll
0x0000000063550000 - 0x000000006355e000 	C:\windows\system32\nimdnsResponder.dll
0x0000000073040000 - 0x00000000730dd000 	C:\windows\WinSxS\amd64_microsoft.vc90.crt_1fc8b3b9a1e18e3b_9.0.30729.5054_none_08e4d1f3a83cf865\MSVCR90.dll
0x000007fefb230000 - 0x000007fefb257000 	C:\windows\system32\Iphlpapi.DLL
0x000007fefb1f0000 - 0x000007fefb1fb000 	C:\windows\system32\WINNSI.DLL
0x000007fefc710000 - 0x000007fefc717000 	C:\windows\System32\wshtcpip.dll
0x000007fef9520000 - 0x000007fef9528000 	C:\windows\system32\rasadhlp.dll
0x000007fefaf80000 - 0x000007fefafd3000 	C:\windows\System32\fwpuclnt.dll
0x0000000062240000 - 0x000000006227e000 	C:\Program Files\Java\jre7\bin\fontmanager.dll
0x000007feff410000 - 0x000007feff4a9000 	C:\windows\system32\CLBCatQ.DLL
0x0000000062970000 - 0x000000006297b000 	C:\Program Files\Java\jre7\bin\management.dll
0x00000000622b0000 - 0x00000000622da000 	C:\Program Files\Java\jre7\bin\dcpr.dll
0x0000000061f30000 - 0x0000000061f71000 	C:\Program Files\Java\jre7\bin\t2k.dll
0x0000000062200000 - 0x0000000062239000 	C:\Program Files\Java\jre7\bin\kcms.dll
0x0000000061f00000 - 0x0000000061f30000 	C:\Program Files\Java\jre7\bin\jpeg.dll
0x000007fefb040000 - 0x000007fefb1a1000 	C:\windows\system32\WindowsCodecs.dll
0x000007fefd390000 - 0x000007fefd3e7000 	C:\windows\system32\apphelp.dll
0x0000000072690000 - 0x00000000726a6000 	C:\Program Files\Common Files\TortoiseOverlays\TortoiseOverlays.dll
0x0000000072600000 - 0x0000000072610000 	C:\Program Files\TortoiseSVN\bin\TortoiseStub.dll
0x0000000072580000 - 0x00000000725fb000 	C:\Program Files\TortoiseSVN\bin\TortoiseSVN.dll
0x000007fefdd40000 - 0x000007fefdf80000 	C:\windows\system32\WININET.dll
0x000007fefd720000 - 0x000007fefd724000 	C:\windows\system32\api-ms-win-downlevel-user32-l1-1-0.dll
0x000007fefd730000 - 0x000007fefd734000 	C:\windows\system32\api-ms-win-downlevel-shlwapi-l1-1-0.dll
0x000007fefd870000 - 0x000007fefd874000 	C:\windows\system32\api-ms-win-downlevel-version-l1-1-0.dll
0x000007fefc640000 - 0x000007fefc64c000 	C:\windows\system32\version.DLL
0x000007fefd740000 - 0x000007fefd743000 	C:\windows\system32\api-ms-win-downlevel-normaliz-l1-1-0.dll
0x0000000077920000 - 0x0000000077923000 	C:\windows\system32\normaliz.DLL
0x000007feff5f0000 - 0x000007feff899000 	C:\windows\system32\iertutil.dll
0x000007fefd860000 - 0x000007fefd865000 	C:\windows\system32\api-ms-win-downlevel-advapi32-l1-1-0.dll
0x000007fef8130000 - 0x000007fef851d000 	C:\Program Files\TortoiseSVN\bin\libsvn_tsvn.dll
0x0000000072550000 - 0x000000007257b000 	C:\Program Files\TortoiseSVN\bin\libapr_tsvn.dll
0x0000000072420000 - 0x0000000072461000 	C:\Program Files\TortoiseSVN\bin\libaprutil_tsvn.dll
0x000007feff8b0000 - 0x000007feff902000 	C:\windows\system32\WLDAP32.dll
0x000007fef7270000 - 0x000007fef7280000 	C:\Program Files\TortoiseSVN\bin\intl3_tsvn.dll
0x000007fef7210000 - 0x000007fef722a000 	C:\Program Files\TortoiseSVN\bin\libsasl.dll
0x000007fefd1a0000 - 0x000007fefd1ab000 	C:\windows\system32\Secur32.dll
0x000007fefd360000 - 0x000007fefd385000 	C:\windows\system32\SSPICLI.DLL
0x000007fefd5b0000 - 0x000007fefd71c000 	C:\windows\system32\CRYPT32.dll
0x000007fefd5a0000 - 0x000007fefd5af000 	C:\windows\system32\MSASN1.dll
0x00000000722d0000 - 0x0000000072368000 	C:\windows\system32\MSVCP100.dll
0x000007fef95a0000 - 0x000007fef95af000 	C:\windows\system32\AcSignIcon.dll
0x0000000071ce0000 - 0x00000000721c9000 	C:\windows\WinSxS\amd64_microsoft.vc90.mfc_1fc8b3b9a1e18e3b_9.0.30729.5054_none_044966a7ab1fe75a\mfc90u.dll
0x000007fef9f70000 - 0x000007fef9f77000 	C:\windows\system32\MSIMG32.dll
0x0000000071b60000 - 0x0000000071b69000 	C:\windows\WinSxS\amd64_microsoft.vc90.mfcloc_1fc8b3b9a1e18e3b_9.0.30729.5054_none_01c811ba60cd246c\MFC90CHS.DLL
0x000007fef8090000 - 0x000007fef80c5000 	C:\windows\system32\EhStorShell.dll
0x000007fefe020000 - 0x000007fefe1f7000 	C:\windows\system32\SETUPAPI.dll
0x000007fefd750000 - 0x000007fefd786000 	C:\windows\system32\CFGMGR32.dll
0x000007fefd840000 - 0x000007fefd85a000 	C:\windows\system32\DEVOBJ.dll
0x000007fefbbf0000 - 0x000007fefbd1c000 	C:\windows\system32\PROPSYS.dll
0x000007fef7a10000 - 0x000007fef8081000 	C:\PROGRA~1\MIF5BA~1\Office14\GROOVEEX.DLL
0x00000000718a0000 - 0x0000000071973000 	C:\windows\WinSxS\amd64_microsoft.vc90.crt_1fc8b3b9a1e18e3b_9.0.30729.5054_none_08e4d1f3a83cf865\MSVCP90.dll
0x00000000716b0000 - 0x00000000716df000 	C:\windows\WinSxS\amd64_microsoft.vc90.atl_1fc8b3b9a1e18e3b_9.0.30729.5054_none_0a1e8d3fa769eea9\ATL90.DLL
0x000007fef7600000 - 0x000007fef7a0f000 	C:\PROGRA~1\COMMON~1\MICROS~1\OFFICE14\Cultures\office.odf
0x000007fef5b70000 - 0x000007fef637f000 	C:\PROGRA~1\MIF5BA~1\Office14\2052\GrooveIntlResource.dll
0x000007fef9590000 - 0x000007fef9598000 	C:\windows\system32\IconCodecService.dll
0x000000005fdc0000 - 0x000000005fe62000 	C:\Program Files\Java\jre7\bin\mlib_image.dll
0x000007feef8c0000 - 0x000007feef8e4000 	C:\Users\BHL\Documents\GitHub\Icy-App\lib\win64\vtk\vtkalglib.dll
0x000007feee9d0000 - 0x000007feee9f3000 	C:\Users\BHL\Documents\GitHub\Icy-App\lib\win64\vtk\vtkexpat.dll
0x000007feee060000 - 0x000007feee083000 	C:\Users\BHL\Documents\GitHub\Icy-App\lib\win64\vtk\vtkDICOMParser.dll
0x000007feee030000 - 0x000007feee057000 	C:\Users\BHL\Documents\GitHub\Icy-App\lib\win64\vtk\vtkjpeg.dll
0x000007feee000000 - 0x000007feee023000 	C:\Users\BHL\Documents\GitHub\Icy-App\lib\win64\vtk\vtkjsoncpp.dll
0x000007feef8a0000 - 0x000007feef8b5000 	C:\Users\BHL\Documents\GitHub\Icy-App\lib\win64\vtk\vtkzlib.dll
0x000007feecb90000 - 0x000007feecbbe000 	C:\Users\BHL\Documents\GitHub\Icy-App\lib\win64\vtk\vtkoggtheora.dll
0x000007feecb50000 - 0x000007feecb82000 	C:\Users\BHL\Documents\GitHub\Icy-App\lib\win64\vtk\vtkverdict.dll
0x000007feecb20000 - 0x000007feecb43000 	C:\Users\BHL\Documents\GitHub\Icy-App\lib\win64\vtk\vtkpng.dll
0x000007feef740000 - 0x000007feef75b000 	C:\Users\BHL\Documents\GitHub\Icy-App\lib\win64\vtk\vtkgl2ps.dll
0x000007feeca00000 - 0x000007feecb1d000 	C:\windows\system32\OPENGL32.dll
0x000007feec9d0000 - 0x000007feec9fd000 	C:\windows\system32\GLU32.dll
0x000007feec8d0000 - 0x000007feec9c1000 	C:\windows\system32\DDRAW.dll
0x000007fef23e0000 - 0x000007fef23e8000 	C:\windows\system32\DCIMAN32.dll
0x000007feec870000 - 0x000007feec8c1000 	C:\Users\BHL\Documents\GitHub\Icy-App\lib\win64\vtk\vtktiff.dll
0x000007feec730000 - 0x000007feec86e000 	C:\Users\BHL\Documents\GitHub\Icy-App\lib\win64\vtk\vtklibxml2.dll
0x000007feec6f0000 - 0x000007feec728000 	C:\Users\BHL\Documents\GitHub\Icy-App\lib\win64\vtk\vtkproj4.dll
0x000007feec6a0000 - 0x000007feec6ea000 	C:\Users\BHL\Documents\GitHub\Icy-App\lib\win64\vtk\vtksys.dll
0x000007feec620000 - 0x000007feec696000 	C:\Users\BHL\Documents\GitHub\Icy-App\lib\win64\vtk\vtkfreetype.dll
0x000007feec580000 - 0x000007feec61f000 	C:\Users\BHL\Documents\GitHub\Icy-App\lib\win64\vtk\vtkmetaio.dll
0x000007feef9f0000 - 0x000007feef9ff000 	C:\Users\BHL\Documents\GitHub\Icy-App\lib\win64\vtk\vtkftgl.dll
0x000007feec310000 - 0x000007feec57d000 	C:\Users\BHL\Documents\GitHub\Icy-App\lib\win64\vtk\vtkCommonCore.dll
0x000007feef910000 - 0x000007feef919000 	C:\Users\BHL\Documents\GitHub\Icy-App\lib\win64\vtk\vtkWrappingJava.dll
0x000007feec2f0000 - 0x000007feec305000 	C:\Users\BHL\Documents\GitHub\Icy-App\lib\win64\vtk\vtkCommonSystem.dll
0x000007feec2c0000 - 0x000007feec2e5000 	C:\Users\BHL\Documents\GitHub\Icy-App\lib\win64\vtk\vtkCommonMath.dll

VM Arguments:
jvm_args: -Xmx8160m -Xss2048k -XX:CompileCommand=exclude,plugins/kernel/importer/LociImporterPlugin.getImage -XX:MaxPermSize=128M -Dsun.java2d.d3d=false 
java_command: icy.jar
Launcher Type: SUN_STANDARD

Environment Variables:
PATH=C:\Python27\;C:\Python27\Scripts;C:\Program Files (x86)\Intel\MPI-RT\4.0.2.005\em64t\bin;C:\Program Files (x86)\Intel\MPI-RT\4.0.2.005\ia32\bin;C:\Program Files (x86)\Intel\MPI-RT\4.0.2.005\em64t\bin;C:\Python27;C:\Python27;C:\Program Files\Java\jdk1.7.0_21\bin;C:\Program Files (x86)\Microsoft Visual Studio 10.0\VC\bin\x86_ia64;C:\Program Files (x86)\Microsoft Visual Studio 10.0\Common7\IDE;C:\MinGW\bin;C:\Program Files\Java\jre7\bin
USERNAME=BHL
OS=Windows_NT
PROCESSOR_IDENTIFIER=Intel64 Family 6 Model 45 Stepping 7, GenuineIntel



---------------  S Y S T E M  ---------------

OS: Windows 7 , 64 bit Build 7601 Service Pack 1

CPU:total 32 (8 cores per cpu, 2 threads per core) family 6 model 45 stepping 7, cmov, cx8, fxsr, mmx, sse, sse2, sse3, ssse3, sse4.1, sse4.2, popcnt, avx, ht, tsc, tscinvbit, tscinv

Memory: 4k page, physical 16726788k(11217800k free), swap 33451712k(26715316k free)

vm_info: Java HotSpot(TM) 64-Bit Server VM (23.21-b01) for windows-amd64 JRE (1.7.0_21-b11), built on Apr  4 2013 08:11:28 by "java_re" with unknown MS VC++:1600

time: Sat Aug 23 13:35:37 2014
elapsed time: 429 seconds

