#
# A fatal error has been detected by the Java Runtime Environment:
#
#  EXCEPTION_ACCESS_VIOLATION (0xc0000005) at pc=0x00000000277c24b0, pid=2232, tid=7412
#
# JRE version: 7.0_21-b11
# Java VM: Java HotSpot(TM) 64-Bit Server VM (23.21-b01 mixed mode windows-amd64 compressed oops)
# Problematic frame:
# C  0x00000000277c24b0
#
# Failed to write core dump. Minidumps are not enabled by default on client versions of Windows
#
# If you would like to submit a bug report, please visit:
#   http://bugreport.sun.com/bugreport/crash.jsp
# The crash happened outside the Java Virtual Machine in native code.
# See problematic frame for where to report the bug.
#

---------------  T H R E A D  ---------------

Current thread (0x000000000286b800):  JavaThread "Finalizer" daemon [_thread_in_native, id=7412, stack(0x00000000234e0000,0x00000000236e0000)]

siginfo: ExceptionCode=0xc0000005, ExceptionInformation=0x0000000000000008 0x00000000277c24b0

Registers:
RAX=0x00000000277c24b0, RBX=0x00000005fe09f368, RCX=0x000000000286b9d8, RDX=0x00000000236dee98
RSP=0x00000000236dede8, RBP=0x00000000236dee68, RSI=0x000000000286b800, RDI=0x0000000000000000
R8 =0x000000002407af80, R9 =0x0000000000000001, R10=0x0000000002fd237c, R11=0x0000000060643570
R12=0x0000000000000000, R13=0x00000005fe09f368, R14=0x00000000236dee98, R15=0x000000000286b800
RIP=0x00000000277c24b0, EFLAGS=0x0000000000010283

Top of Stack: (sp=0x00000000236dede8)
0x00000000236dede8:   0000000002fd23a8 0000000000000000
0x00000000236dedf8:   00000005fab5bf90 0000000000000000
0x00000000236dee08:   00000000236dee40 00000000236dee88
0x00000000236dee18:   0000000002fc61f8 0000000000000000
0x00000000236dee28:   00000000236dee28 0000000000000000
0x00000000236dee38:   00000000236dee98 00000005fe0a7ca0
0x00000000236dee48:   0000000000000000 00000005fe09f368
0x00000000236dee58:   0000000000000000 00000000236dee88
0x00000000236dee68:   00000000236deee0 0000000002fc61f8
0x00000000236dee78:   0000000000000000 0000000002fcf1d8
0x00000000236dee88:   000000002407af80 000000002407af80
0x00000000236dee98:   00000006067a5628 00000000236deea0
0x00000000236deea8:   00000005fe16aad1 00000000236def00
0x00000000236deeb8:   00000005fe1877d0 0000000000000000
0x00000000236deec8:   00000005fe16ab50 00000000236dee88
0x00000000236deed8:   00000000236def00 00000000236defe0 

Instructions: (pc=0x00000000277c24b0)
0x00000000277c2490:   
[error occurred during error reporting (printing registers, top of stack, instructions near pc), id 0xc0000005]

Register to memory mapping:

RAX=0x00000000277c24b0 is an unknown value
RBX=0x00000005fe09f368 is an oop
{method} 
 - klass: {other class}
RCX=0x000000000286b9d8 is an unknown value
RDX=0x00000000236dee98 is pointing into the stack for thread: 0x000000000286b800
RSP=0x00000000236dede8 is pointing into the stack for thread: 0x000000000286b800
RBP=0x00000000236dee68 is pointing into the stack for thread: 0x000000000286b800
RSI=0x000000000286b800 is a thread
RDI=0x0000000000000000 is an unknown value
R8 =0x000000002407af80 is an unknown value
R9 =0x0000000000000001 is an unknown value
R10=0x0000000002fd237c is an Interpreter codelet
method entry point (kind = native)  [0x0000000002fd2100, 0x0000000002fd2980]  2176 bytes
R11=0x0000000060643570 is an unknown value
R12=0x0000000000000000 is an unknown value
R13=0x00000005fe09f368 is an oop
{method} 
 - klass: {other class}
R14=0x00000000236dee98 is pointing into the stack for thread: 0x000000000286b800
R15=0x000000000286b800 is a thread


Stack: [0x00000000234e0000,0x00000000236e0000],  sp=0x00000000236dede8,  free space=2043k
Native frames: (J=compiled Java code, j=interpreted, Vv=VM code, C=native code)
C  0x00000000277c24b0
j  com.kenai.jffi.CallContext.finalize()V+17
v  ~StubRoutines::call_stub
V  [jvm.dll+0x1afd14]

Java frames: (J=compiled Java code, j=interpreted, Vv=VM code)
j  com.kenai.jffi.Foreign.freeCallContext(J)V+0
j  com.kenai.jffi.CallContext.finalize()V+17
v  ~StubRoutines::call_stub
J  java.lang.ref.Finalizer.invokeFinalizeMethod(Ljava/lang/Object;)V
J  java.lang.ref.Finalizer.access$100(Ljava/lang/ref/Finalizer;)V
J  java.lang.ref.Finalizer$FinalizerThread.run()V
v  ~StubRoutines::call_stub

---------------  P R O C E S S  ---------------

Java Threads: ( => current thread )
  0x0000000027f98800 JavaThread "Keep-Alive-Timer" daemon [_thread_blocked, id=8756, stack(0x000000002b540000,0x000000002b740000)]
  0x0000000027f9d000 JavaThread "Swing-Shell" daemon [_thread_blocked, id=3128, stack(0x000000002c320000,0x000000002c520000)]
  0x0000000027f9c000 JavaThread "Online Plugin Loader" [_thread_in_native, id=10916, stack(0x0000000027b10000,0x0000000027d10000)]
  0x0000000027fa1800 JavaThread "Chat IRC listener" [_thread_in_native, id=8672, stack(0x000000002a9d0000,0x000000002abd0000)]
  0x0000000027f9d800 JavaThread "Workspace installer" [_thread_blocked, id=5832, stack(0x000000002c860000,0x000000002ca60000)]
  0x0000000027f92800 JavaThread "DestroyJavaVM" [_thread_blocked, id=6980, stack(0x0000000002dc0000,0x0000000002fc0000)]
  0x0000000027f97800 JavaThread "TaskFrame manager" [_thread_blocked, id=3064, stack(0x000000002b250000,0x000000002b450000)]
  0x0000000027f97000 JavaThread "Memory / CPU monitor" [_thread_blocked, id=8580, stack(0x000000002acc0000,0x000000002aec0000)]
  0x0000000027f9b800 JavaThread "ROI properties calculator" [_thread_blocked, id=5796, stack(0x0000000025b70000,0x0000000025d70000)]
  0x0000000027f9a800 JavaThread "pool-20-thread-1" [_thread_blocked, id=7960, stack(0x000000002c0e0000,0x000000002c2e0000)]
  0x0000000027f9a000 JavaThread "TimerQueue" daemon [_thread_blocked, id=3572, stack(0x000000002bd20000,0x000000002bf20000)]
  0x0000000027f94000 JavaThread "Trident pulse source thread" daemon [_thread_blocked, id=10248, stack(0x000000002a1e0000,0x000000002a3e0000)]
  0x0000000027f93000 JavaThread "Trident callback thread" daemon [_thread_blocked, id=3256, stack(0x0000000029f60000,0x000000002a160000)]
  0x0000000024563000 JavaThread "Plugin installer" [_thread_blocked, id=7360, stack(0x0000000025e10000,0x0000000026010000)]
  0x0000000024853000 JavaThread "KeyTipManager processing thread" daemon [_thread_blocked, id=1312, stack(0x00000000257c0000,0x00000000259c0000)]
  0x00000000283a0000 JavaThread "Substance heap status" daemon [_thread_blocked, id=7424, stack(0x00000000254a0000,0x00000000256a0000)]
  0x0000000024727800 JavaThread "Internet monitor" [_thread_in_native, id=7676, stack(0x0000000027280000,0x0000000027480000)]
  0x00000000245ee000 JavaThread "AWT-EventQueue-0" [_thread_in_native, id=6116, stack(0x00000000269e0000,0x0000000026be0000)]
  0x00000000243d3800 JavaThread "AWT-Windows" daemon [_thread_in_native, id=10316, stack(0x0000000024fa0000,0x00000000251a0000)]
  0x000000002434d800 JavaThread "AWT-Shutdown" [_thread_blocked, id=10560, stack(0x0000000024da0000,0x0000000024fa0000)]
  0x0000000024462000 JavaThread "Java2D Disposer" daemon [_thread_blocked, id=10756, stack(0x0000000024b60000,0x0000000024d60000)]
  0x0000000020830800 JavaThread "Service Thread" daemon [_thread_blocked, id=10372, stack(0x0000000023e70000,0x0000000024070000)]
  0x000000002082f800 JavaThread "C2 CompilerThread1" daemon [_thread_blocked, id=8852, stack(0x0000000023d50000,0x0000000023e50000)]
  0x0000000020828800 JavaThread "C2 CompilerThread0" daemon [_thread_blocked, id=6764, stack(0x0000000023c20000,0x0000000023d20000)]
  0x0000000020825000 JavaThread "Attach Listener" daemon [_thread_blocked, id=10716, stack(0x0000000023a00000,0x0000000023c00000)]
  0x0000000020824000 JavaThread "Signal Dispatcher" daemon [_thread_blocked, id=10428, stack(0x0000000023730000,0x0000000023930000)]
=>0x000000000286b800 JavaThread "Finalizer" daemon [_thread_in_native, id=7412, stack(0x00000000234e0000,0x00000000236e0000)]
  0x000000001e1e6800 JavaThread "Reference Handler" daemon [_thread_blocked, id=3596, stack(0x0000000023140000,0x0000000023340000)]

Other Threads:
  0x0000000020798800 VMThread [stack: 0x0000000022f50000,0x0000000023050000] [id=7588]
  0x0000000020845000 WatcherThread [stack: 0x00000000241a0000,0x00000000242a0000] [id=9928]

VM state:not at safepoint (normal execution)

VM Mutex/Monitor currently owned by a thread: None

Heap
 PSYoungGen      total 236992K, used 4694K [0x0000000756000000, 0x0000000769230000, 0x0000000800000000)
  eden space 203584K, 2% used [0x0000000756000000,0x00000007564959a8,0x00000007626d0000)
  from space 33408K, 0% used [0x0000000762dd0000,0x0000000762dd0000,0x0000000764e70000)
  to   space 54976K, 0% used [0x0000000765c80000,0x0000000765c80000,0x0000000769230000)
 ParOldGen       total 308800K, used 176937K [0x0000000602000000, 0x0000000614d90000, 0x0000000756000000)
  object space 308800K, 57% used [0x0000000602000000,0x000000060ccca608,0x0000000614d90000)
 PSPermGen       total 131072K, used 99049K [0x00000005fa000000, 0x0000000602000000, 0x0000000602000000)
  object space 131072K, 75% used [0x00000005fa000000,0x00000006000ba6c0,0x0000000602000000)

Card table byte_map: [0x0000000005fc0000,0x0000000007000000] byte_map_base: 0x0000000002ff0000

Polling page: 0x0000000000130000

Code Cache  [0x0000000002fc0000, 0x00000000035a0000, 0x0000000005fc0000)
 total_blobs=2771 nmethods=1983 adapters=738 free_code_cache=43297Kb largest_free_block=44225216

Compilation events (10 events):
Event: 253.178 Thread 0x000000002082f800 2179             sun.java2d.SunGraphics2D::makeHints (175 bytes)
Event: 253.190 Thread 0x000000002082f800 nmethod 2179 0x0000000003576b50 code [0x0000000003576dc0, 0x00000000035776e0]
Event: 253.300 Thread 0x0000000020828800 2180             java.awt.geom.Point2D$Float::<init> (15 bytes)
Event: 253.300 Thread 0x0000000020828800 nmethod 2180 0x000000000357cd90 code [0x000000000357cec0, 0x000000000357cf38]
Event: 254.144 Thread 0x000000002082f800 2181             java.awt.geom.Arc2D::<init> (10 bytes)
Event: 254.144 Thread 0x0000000020828800 2182             java.awt.geom.Arc2D::setArcType (42 bytes)
Event: 254.145 Thread 0x000000002082f800 nmethod 2181 0x000000000357cf90 code [0x000000000357d0c0, 0x000000000357d138]
Event: 254.145 Thread 0x0000000020828800 nmethod 2182 0x0000000003588f90 code [0x00000000035890c0, 0x0000000003589138]
Event: 255.389 Thread 0x0000000020828800 2183             java.util.BitSet::checkInvariants (111 bytes)
Event: 255.389 Thread 0x0000000020828800 nmethod 2183 0x0000000003588d90 code [0x0000000003588ec0, 0x0000000003588f18]

GC Heap History (10 events):
Event: 209.439 GC heap before
{Heap before GC invocations=19 (full 1):
 PSYoungGen      total 238528K, used 238493K [0x0000000756000000, 0x000000076b1e0000, 0x0000000800000000)
  eden space 234368K, 100% used [0x0000000756000000,0x00000007644e0000,0x00000007644e0000)
  from space 4160K, 99% used [0x0000000764d50000,0x00000007651576b8,0x0000000765160000)
  to   space 55808K, 0% used [0x0000000767b60000,0x0000000767b60000,0x000000076b1e0000)
 ParOldGen       total 261632K, used 202179K [0x0000000602000000, 0x0000000611f80000, 0x0000000756000000)
  object space 261632K, 77% used [0x0000000602000000,0x000000060e570f00,0x0000000611f80000)
 PSPermGen       total 103872K, used 98947K [0x00000005fa000000, 0x0000000600570000, 0x0000000602000000)
  object space 103872K, 95% used [0x00000005fa000000,0x00000006000a0cf8,0x0000000600570000)
Event: 209.456 GC heap after
Heap after GC invocations=19 (full 1):
 PSYoungGen      total 275840K, used 4338K [0x0000000756000000, 0x000000076abf0000, 0x0000000800000000)
  eden space 226112K, 0% used [0x0000000756000000,0x0000000756000000,0x0000000763cd0000)
  from space 49728K, 8% used [0x0000000767b60000,0x0000000767f9cab0,0x000000076abf0000)
  to   space 56896K, 0% used [0x0000000763cd0000,0x0000000763cd0000,0x0000000767460000)
 ParOldGen       total 261632K, used 204737K [0x0000000602000000, 0x0000000611f80000, 0x0000000756000000)
  object space 261632K, 78% used [0x0000000602000000,0x000000060e7f0500,0x0000000611f80000)
 PSPermGen       total 103872K, used 98947K [0x00000005fa000000, 0x0000000600570000, 0x0000000602000000)
  object space 103872K, 95% used [0x00000005fa000000,0x00000006000a0cf8,0x0000000600570000)
}
Event: 235.498 GC heap before
{Heap before GC invocations=20 (full 1):
 PSYoungGen      total 275840K, used 230450K [0x0000000756000000, 0x000000076abf0000, 0x0000000800000000)
  eden space 226112K, 100% used [0x0000000756000000,0x0000000763cd0000,0x0000000763cd0000)
  from space 49728K, 8% used [0x0000000767b60000,0x0000000767f9cab0,0x000000076abf0000)
  to   space 56896K, 0% used [0x0000000763cd0000,0x0000000763cd0000,0x0000000767460000)
 ParOldGen       total 261632K, used 204737K [0x0000000602000000, 0x0000000611f80000, 0x0000000756000000)
  object space 261632K, 78% used [0x0000000602000000,0x000000060e7f0500,0x0000000611f80000)
 PSPermGen       total 103872K, used 98999K [0x00000005fa000000, 0x0000000600570000, 0x0000000602000000)
  object space 103872K, 95% used [0x00000005fa000000,0x00000006000add10,0x0000000600570000)
Event: 235.518 GC heap after
Heap after GC invocations=20 (full 1):
 PSYoungGen      total 221248K, used 2992K [0x0000000756000000, 0x000000076a560000, 0x0000000800000000)
  eden space 218240K, 0% used [0x0000000756000000,0x0000000756000000,0x0000000763520000)
  from space 3008K, 99% used [0x0000000763cd0000,0x0000000763fbc030,0x0000000763fc0000)
  to   space 57472K, 0% used [0x0000000766d40000,0x0000000766d40000,0x000000076a560000)
 ParOldGen       total 261632K, used 207535K [0x0000000602000000, 0x0000000611f80000, 0x0000000756000000)
  object space 261632K, 79% used [0x0000000602000000,0x000000060eaabd78,0x0000000611f80000)
 PSPermGen       total 103872K, used 98999K [0x00000005fa000000, 0x0000000600570000, 0x0000000602000000)
  object space 103872K, 95% used [0x00000005fa000000,0x00000006000add10,0x0000000600570000)
}
Event: 251.728 GC heap before
{Heap before GC invocations=21 (full 1):
 PSYoungGen      total 221248K, used 221232K [0x0000000756000000, 0x000000076a560000, 0x0000000800000000)
  eden space 218240K, 100% used [0x0000000756000000,0x0000000763520000,0x0000000763520000)
  from space 3008K, 99% used [0x0000000763cd0000,0x0000000763fbc030,0x0000000763fc0000)
  to   space 57472K, 0% used [0x0000000766d40000,0x0000000766d40000,0x000000076a560000)
 ParOldGen       total 261632K, used 207535K [0x0000000602000000, 0x0000000611f80000, 0x0000000756000000)
  object space 261632K, 79% used [0x0000000602000000,0x000000060eaabd78,0x0000000611f80000)
 PSPermGen       total 103872K, used 99055K [0x00000005fa000000, 0x0000000600570000, 0x0000000602000000)
  object space 103872K, 95% used [0x00000005fa000000,0x00000006000bbdd8,0x0000000600570000)
Event: 251.745 GC heap after
Heap after GC invocations=21 (full 1):
 PSYoungGen      total 254208K, used 22008K [0x0000000756000000, 0x00000007697b0000, 0x0000000800000000)
  eden space 210752K, 0% used [0x0000000756000000,0x0000000756000000,0x0000000762dd0000)
  from space 43456K, 50% used [0x0000000766d40000,0x00000007682be230,0x00000007697b0000)
  to   space 54208K, 0% used [0x0000000762dd0000,0x0000000762dd0000,0x00000007662c0000)
 ParOldGen       total 261632K, used 208003K [0x0000000602000000, 0x0000000611f80000, 0x0000000756000000)
  object space 261632K, 79% used [0x0000000602000000,0x000000060eb20f18,0x0000000611f80000)
 PSPermGen       total 103872K, used 99055K [0x00000005fa000000, 0x0000000600570000, 0x0000000602000000)
  object space 103872K, 95% used [0x00000005fa000000,0x00000006000bbdd8,0x0000000600570000)
}
Event: 256.693 GC heap before
{Heap before GC invocations=22 (full 1):
 PSYoungGen      total 254208K, used 232760K [0x0000000756000000, 0x00000007697b0000, 0x0000000800000000)
  eden space 210752K, 100% used [0x0000000756000000,0x0000000762dd0000,0x0000000762dd0000)
  from space 43456K, 50% used [0x0000000766d40000,0x00000007682be230,0x00000007697b0000)
  to   space 54208K, 0% used [0x0000000762dd0000,0x0000000762dd0000,0x00000007662c0000)
 ParOldGen       total 261632K, used 208003K [0x0000000602000000, 0x0000000611f80000, 0x0000000756000000)
  object space 261632K, 79% used [0x0000000602000000,0x000000060eb20f18,0x0000000611f80000)
 PSPermGen       total 103872K, used 99069K [0x00000005fa000000, 0x0000000600570000, 0x0000000602000000)
  object space 103872K, 95% used [0x00000005fa000000,0x00000006000bf4a0,0x0000000600570000)
Event: 256.722 GC heap after
Heap after GC invocations=22 (full 1):
 PSYoungGen      total 236992K, used 33345K [0x0000000756000000, 0x0000000769230000, 0x0000000800000000)
  eden space 203584K, 0% used [0x0000000756000000,0x0000000756000000,0x00000007626d0000)
  from space 33408K, 99% used [0x0000000762dd0000,0x0000000764e606b8,0x0000000764e70000)
  to   space 54976K, 0% used [0x0000000765c80000,0x0000000765c80000,0x0000000769230000)
 ParOldGen       total 261632K, used 232710K [0x0000000602000000, 0x0000000611f80000, 0x0000000756000000)
  object space 261632K, 88% used [0x0000000602000000,0x00000006103419d8,0x0000000611f80000)
 PSPermGen       total 103872K, used 99069K [0x00000005fa000000, 0x0000000600570000, 0x0000000602000000)
  object space 103872K, 95% used [0x00000005fa000000,0x00000006000bf4a0,0x0000000600570000)
}
Event: 256.722 GC heap before
{Heap before GC invocations=23 (full 2):
 PSYoungGen      total 236992K, used 33345K [0x0000000756000000, 0x0000000769230000, 0x0000000800000000)
  eden space 203584K, 0% used [0x0000000756000000,0x0000000756000000,0x00000007626d0000)
  from space 33408K, 99% used [0x0000000762dd0000,0x0000000764e606b8,0x0000000764e70000)
  to   space 54976K, 0% used [0x0000000765c80000,0x0000000765c80000,0x0000000769230000)
 ParOldGen       total 261632K, used 232710K [0x0000000602000000, 0x0000000611f80000, 0x0000000756000000)
  object space 261632K, 88% used [0x0000000602000000,0x00000006103419d8,0x0000000611f80000)
 PSPermGen       total 103872K, used 99069K [0x00000005fa000000, 0x0000000600570000, 0x0000000602000000)
  object space 103872K, 95% used [0x00000005fa000000,0x00000006000bf4a0,0x0000000600570000)
Event: 257.035 GC heap after
Heap after GC invocations=23 (full 2):
 PSYoungGen      total 236992K, used 0K [0x0000000756000000, 0x0000000769230000, 0x0000000800000000)
  eden space 203584K, 0% used [0x0000000756000000,0x0000000756000000,0x00000007626d0000)
  from space 33408K, 0% used [0x0000000762dd0000,0x0000000762dd0000,0x0000000764e70000)
  to   space 54976K, 0% used [0x0000000765c80000,0x0000000765c80000,0x0000000769230000)
 ParOldGen       total 308800K, used 176937K [0x0000000602000000, 0x0000000614d90000, 0x0000000756000000)
  object space 308800K, 57% used [0x0000000602000000,0x000000060ccca608,0x0000000614d90000)
 PSPermGen       total 131072K, used 99049K [0x00000005fa000000, 0x0000000602000000, 0x0000000602000000)
  object space 131072K, 75% used [0x00000005fa000000,0x00000006000ba6a0,0x0000000602000000)
}

Deoptimization events (10 events):
Event: 189.626 Thread 0x00000000245ee000 Uncommon trap -34 fr.pc 0x0000000003369038
Event: 191.650 Thread 0x0000000027fa0800 Uncommon trap -83 fr.pc 0x000000000351efb4
Event: 191.680 Thread 0x00000000245ee000 Uncommon trap -58 fr.pc 0x00000000031c66f0
Event: 207.801 Thread 0x00000000245ee000 Uncommon trap -122 fr.pc 0x00000000032fd9b8
Event: 235.533 Thread 0x00000000245ee000 Uncommon trap -12 fr.pc 0x0000000003368fe4
Event: 242.888 Thread 0x00000000245ee000 Uncommon trap -34 fr.pc 0x00000000030d6570
Event: 242.907 Thread 0x00000000245ee000 Uncommon trap -83 fr.pc 0x0000000003312548
Event: 242.920 Thread 0x00000000245ee000 Uncommon trap -34 fr.pc 0x00000000030d6570
Event: 245.443 Thread 0x00000000245ee000 Uncommon trap -12 fr.pc 0x00000000034d14fc
Event: 245.541 Thread 0x00000000245ee000 Uncommon trap -83 fr.pc 0x00000000034e765c

Internal exceptions (10 events):
Event: 221.245 Thread 0x0000000024727800 Threw 0x00000007579e6608 at C:\jdk7u2_64p\jdk7u21\hotspot\src\share\vm\prims\jni.cpp:742
Event: 230.438 Thread 0x0000000024727800 Threw 0x000000075a4c2458 at C:\jdk7u2_64p\jdk7u21\hotspot\src\share\vm\prims\jni.cpp:742
Event: 235.533 Thread 0x00000000245ee000 Implicit null exception at 0x0000000003368b06 to 0x0000000003368fc9
Event: 239.471 Thread 0x0000000024727800 Threw 0x0000000756eb9230 at C:\jdk7u2_64p\jdk7u21\hotspot\src\share\vm\prims\jni.cpp:742
Event: 242.889 Thread 0x00000000245ee000 Threw 0x00000007587c3be8 at C:\jdk7u2_64p\jdk7u21\hotspot\src\share\vm\prims\jvm.cpp:1166
Event: 242.890 Thread 0x00000000245ee000 Threw 0x00000007587cbf48 at C:\jdk7u2_64p\jdk7u21\hotspot\src\share\vm\prims\jvm.cpp:1166
Event: 242.891 Thread 0x0000000027f93000 Threw 0x0000000758abd2d0 at C:\jdk7u2_64p\jdk7u21\hotspot\src\share\vm\prims\jvm.cpp:1166
Event: 245.443 Thread 0x00000000245ee000 Implicit null exception at 0x00000000034d12a8 to 0x00000000034d14f1
Event: 249.188 Thread 0x0000000024727800 Threw 0x00000007586de478 at C:\jdk7u2_64p\jdk7u21\hotspot\src\share\vm\prims\jni.cpp:742
Event: 252.579 Thread 0x00000000245ee000 Threw 0x0000000758c0d878 at C:\jdk7u2_64p\jdk7u21\hotspot\src\share\vm\prims\jvm.cpp:1166

Events (10 events):
Event: 256.506 Executing VM operation: RevokeBias
Event: 256.507 Executing VM operation: RevokeBias done
Event: 256.507 Executing VM operation: RevokeBias
Event: 256.507 Executing VM operation: RevokeBias done
Event: 256.693 Executing VM operation: ParallelGCFailedAllocation
Event: 257.035 Executing VM operation: ParallelGCFailedAllocation done
Event: 257.036 Executing VM operation: RevokeBias
Event: 257.036 Executing VM operation: RevokeBias done
Event: 257.036 Executing VM operation: RevokeBias
Event: 257.036 Executing VM operation: RevokeBias done


Dynamic libraries:
0x000000013f9c0000 - 0x000000013f9f3000 	C:\Program Files\Java\jre7\bin\java.exe
0x0000000076e50000 - 0x0000000076ff9000 	C:\windows\SYSTEM32\ntdll.dll
0x0000000076d30000 - 0x0000000076e4f000 	C:\windows\system32\kernel32.dll
0x000007fefce20000 - 0x000007fefce8b000 	C:\windows\system32\KERNELBASE.dll
0x000007fefe990000 - 0x000007fefea6b000 	C:\windows\system32\ADVAPI32.dll
0x000007fefd540000 - 0x000007fefd5df000 	C:\windows\system32\msvcrt.dll
0x000007fefd9e0000 - 0x000007fefd9ff000 	C:\windows\SYSTEM32\sechost.dll
0x000007fefea70000 - 0x000007fefeb9d000 	C:\windows\system32\RPCRT4.dll
0x0000000076c30000 - 0x0000000076d2a000 	C:\windows\system32\USER32.dll
0x000007fefd110000 - 0x000007fefd177000 	C:\windows\system32\GDI32.dll
0x000007fefd180000 - 0x000007fefd18e000 	C:\windows\system32\LPK.dll
0x000007fefd230000 - 0x000007fefd2f9000 	C:\windows\system32\USP10.dll
0x000007fefb280000 - 0x000007fefb474000 	C:\windows\WinSxS\amd64_microsoft.windows.common-controls_6595b64144ccf1df_6.0.7601.17514_none_fa396087175ac9ac\COMCTL32.dll
0x000007fefedb0000 - 0x000007fefee21000 	C:\windows\system32\SHLWAPI.dll
0x000007feff130000 - 0x000007feff15e000 	C:\windows\system32\IMM32.DLL
0x000007fefd5e0000 - 0x000007fefd6e9000 	C:\windows\system32\MSCTF.dll
0x000000006dbf0000 - 0x000000006dcc1000 	C:\Program Files\Java\jre7\bin\msvcr100.dll
0x0000000060480000 - 0x0000000060ba1000 	C:\Program Files\Java\jre7\bin\server\jvm.dll
0x000007fef3630000 - 0x000007fef3639000 	C:\windows\system32\WSOCK32.dll
0x000007fefee30000 - 0x000007fefee7d000 	C:\windows\system32\WS2_32.dll
0x000007fefeda0000 - 0x000007fefeda8000 	C:\windows\system32\NSI.dll
0x000007fef90c0000 - 0x000007fef90fb000 	C:\windows\system32\WINMM.dll
0x0000000077020000 - 0x0000000077027000 	C:\windows\system32\PSAPI.DLL
0x000000006e430000 - 0x000000006e43f000 	C:\Program Files\Java\jre7\bin\verify.dll
0x000000006e010000 - 0x000000006e038000 	C:\Program Files\Java\jre7\bin\java.dll
0x000000006e050000 - 0x000000006e065000 	C:\Program Files\Java\jre7\bin\zip.dll
0x000000006dff0000 - 0x000000006e009000 	C:\Program Files\Java\jre7\bin\net.dll
0x000007fefc470000 - 0x000007fefc4c5000 	C:\windows\system32\mswsock.dll
0x000007fefc460000 - 0x000007fefc467000 	C:\windows\System32\wship6.dll
0x000000006dfd0000 - 0x000000006dfe1000 	C:\Program Files\Java\jre7\bin\nio.dll
0x0000000061630000 - 0x00000000617c3000 	C:\Program Files\Java\jre7\bin\awt.dll
0x000007fefd030000 - 0x000007fefd107000 	C:\windows\system32\OLEAUT32.dll
0x000007fefd770000 - 0x000007fefd973000 	C:\windows\system32\ole32.dll
0x000007fefadf0000 - 0x000007fefae08000 	C:\windows\system32\DWMAPI.DLL
0x000007fefb1d0000 - 0x000007fefb226000 	C:\windows\system32\uxtheme.dll
0x000007fefcb30000 - 0x000007fefcb3f000 	C:\windows\system32\CRYPTBASE.dll
0x000007fef1820000 - 0x000007fef1829000 	C:\Program Files\Synergy\synrgyhk.DLL
0x000007fefda00000 - 0x000007fefe788000 	C:\windows\system32\SHELL32.dll
0x000007fefc4d0000 - 0x000007fefc4e7000 	C:\windows\system32\CRYPTSP.dll
0x000007fefc1d0000 - 0x000007fefc217000 	C:\windows\system32\rsaenh.dll
0x000007fefbf50000 - 0x000007fefbf6e000 	C:\windows\system32\USERENV.dll
0x000007fefcc00000 - 0x000007fefcc0f000 	C:\windows\system32\profapi.dll
0x000007fefac10000 - 0x000007fefac25000 	C:\windows\system32\NLAapi.dll
0x000007fef81d0000 - 0x000007fef81e5000 	C:\windows\system32\napinsp.dll
0x000007fef7f00000 - 0x000007fef7f19000 	C:\windows\system32\pnrpnsp.dll
0x000007fefc2f0000 - 0x000007fefc34b000 	C:\windows\system32\DNSAPI.dll
0x000007fef7ef0000 - 0x000007fef7efb000 	C:\windows\System32\winrnr.dll
0x0000000063560000 - 0x0000000063569000 	C:\Program Files\National Instruments\Shared\mDNS Responder\nimdnsNSP.dll
0x0000000063550000 - 0x000000006355e000 	C:\windows\system32\nimdnsResponder.dll
0x000000006e670000 - 0x000000006e70d000 	C:\windows\WinSxS\amd64_microsoft.vc90.crt_1fc8b3b9a1e18e3b_9.0.30729.5054_none_08e4d1f3a83cf865\MSVCR90.dll
0x000007fefa8f0000 - 0x000007fefa917000 	C:\windows\system32\Iphlpapi.DLL
0x000007fefa8e0000 - 0x000007fefa8eb000 	C:\windows\system32\WINNSI.DLL
0x000007fefbe10000 - 0x000007fefbe17000 	C:\windows\System32\wshtcpip.dll
0x000007fef8850000 - 0x000007fef8858000 	C:\windows\system32\rasadhlp.dll
0x000007fefa790000 - 0x000007fefa7e3000 	C:\windows\System32\fwpuclnt.dll
0x000000006df10000 - 0x000000006df4e000 	C:\Program Files\Java\jre7\bin\fontmanager.dll
0x000007fefd190000 - 0x000007fefd229000 	C:\windows\system32\CLBCatQ.DLL
0x000000006e420000 - 0x000000006e42b000 	C:\Program Files\Java\jre7\bin\management.dll
0x000000006dee0000 - 0x000000006df0a000 	C:\Program Files\Java\jre7\bin\dcpr.dll
0x000000006de90000 - 0x000000006ded1000 	C:\Program Files\Java\jre7\bin\t2k.dll
0x000000006de50000 - 0x000000006de89000 	C:\Program Files\Java\jre7\bin\kcms.dll
0x000000006de20000 - 0x000000006de50000 	C:\Program Files\Java\jre7\bin\jpeg.dll
0x000000006e4c0000 - 0x000000006e4df000 	C:\Users\BHL\AppData\Local\Temp\jffi2331030369149554135.tmp
0x000007fef9bc0000 - 0x000007fef9d21000 	C:\windows\system32\WindowsCodecs.dll
0x000007fefcad0000 - 0x000007fefcb27000 	C:\windows\system32\apphelp.dll
0x000000006e5f0000 - 0x000000006e606000 	C:\Program Files\Common Files\TortoiseOverlays\TortoiseOverlays.dll
0x000000006e5e0000 - 0x000000006e5f0000 	C:\Program Files\TortoiseSVN\bin\TortoiseStub.dll
0x000000006d370000 - 0x000000006d3eb000 	C:\Program Files\TortoiseSVN\bin\TortoiseSVN.dll
0x000007fefd300000 - 0x000007fefd540000 	C:\windows\system32\WININET.dll
0x000007fefcdc0000 - 0x000007fefcdc4000 	C:\windows\system32\api-ms-win-downlevel-user32-l1-1-0.dll
0x000007fefd010000 - 0x000007fefd014000 	C:\windows\system32\api-ms-win-downlevel-shlwapi-l1-1-0.dll
0x000007fefccd0000 - 0x000007fefccd4000 	C:\windows\system32\api-ms-win-downlevel-version-l1-1-0.dll
0x000007fefbd40000 - 0x000007fefbd4c000 	C:\windows\system32\version.DLL
0x000007fefcdd0000 - 0x000007fefcdd3000 	C:\windows\system32\api-ms-win-downlevel-normaliz-l1-1-0.dll
0x0000000077010000 - 0x0000000077013000 	C:\windows\system32\normaliz.DLL
0x000007fefee80000 - 0x000007feff129000 	C:\windows\system32\iertutil.dll
0x000007fefd020000 - 0x000007fefd025000 	C:\windows\system32\api-ms-win-downlevel-advapi32-l1-1-0.dll
0x000007fef7390000 - 0x000007fef777d000 	C:\Program Files\TortoiseSVN\bin\libsvn_tsvn.dll
0x000000006d340000 - 0x000000006d36b000 	C:\Program Files\TortoiseSVN\bin\libapr_tsvn.dll
0x000000006d210000 - 0x000000006d251000 	C:\Program Files\TortoiseSVN\bin\libaprutil_tsvn.dll
0x000007fefd980000 - 0x000007fefd9d2000 	C:\windows\system32\WLDAP32.dll
0x000007fef7380000 - 0x000007fef7390000 	C:\Program Files\TortoiseSVN\bin\intl3_tsvn.dll
0x000007fef7360000 - 0x000007fef737a000 	C:\Program Files\TortoiseSVN\bin\libsasl.dll
0x000007fefc8d0000 - 0x000007fefc8db000 	C:\windows\system32\Secur32.dll
0x000007fefcaa0000 - 0x000007fefcac5000 	C:\windows\system32\SSPICLI.DLL
0x000007fefce90000 - 0x000007fefcffc000 	C:\windows\system32\CRYPT32.dll
0x000007fefcca0000 - 0x000007fefccaf000 	C:\windows\system32\MSASN1.dll
0x000000006d170000 - 0x000000006d208000 	C:\windows\system32\MSVCP100.dll
0x000007fef7350000 - 0x000007fef735f000 	C:\windows\system32\AcSignIcon.dll
0x000000006cc80000 - 0x000000006d169000 	C:\windows\WinSxS\amd64_microsoft.vc90.mfc_1fc8b3b9a1e18e3b_9.0.30729.5054_none_044966a7ab1fe75a\mfc90u.dll
0x000007fef90b0000 - 0x000007fef90b7000 	C:\windows\system32\MSIMG32.dll
0x000000006e650000 - 0x000000006e659000 	C:\windows\WinSxS\amd64_microsoft.vc90.mfcloc_1fc8b3b9a1e18e3b_9.0.30729.5054_none_01c811ba60cd246c\MFC90CHS.DLL
0x000007fef7310000 - 0x000007fef7345000 	C:\windows\system32\EhStorShell.dll
0x000007fefe7b0000 - 0x000007fefe987000 	C:\windows\system32\SETUPAPI.dll
0x000007fefcde0000 - 0x000007fefce16000 	C:\windows\system32\CFGMGR32.dll
0x000007fefccb0000 - 0x000007fefccca000 	C:\windows\system32\DEVOBJ.dll
0x000007fefb8e0000 - 0x000007fefba0c000 	C:\windows\system32\PROPSYS.dll
0x000007fef6c90000 - 0x000007fef7301000 	C:\PROGRA~1\MIF5BA~1\Office14\GROOVEEX.DLL
0x000000006d3f0000 - 0x000000006d4c3000 	C:\windows\WinSxS\amd64_microsoft.vc90.crt_1fc8b3b9a1e18e3b_9.0.30729.5054_none_08e4d1f3a83cf865\MSVCP90.dll
0x000000006d870000 - 0x000000006d89f000 	C:\windows\WinSxS\amd64_microsoft.vc90.atl_1fc8b3b9a1e18e3b_9.0.30729.5054_none_0a1e8d3fa769eea9\ATL90.DLL
0x000007fef56d0000 - 0x000007fef5adf000 	C:\PROGRA~1\COMMON~1\MICROS~1\OFFICE14\Cultures\office.odf
0x000007fef4ec0000 - 0x000007fef56cf000 	C:\PROGRA~1\MIF5BA~1\Office14\2052\GrooveIntlResource.dll
0x000007fef6bf0000 - 0x000007fef6bf8000 	C:\windows\system32\IconCodecService.dll
0x0000000062600000 - 0x00000000626a2000 	C:\Program Files\Java\jre7\bin\mlib_image.dll
0x000007fef3530000 - 0x000007fef3554000 	C:\Users\BHL\Documents\GitHub\Icy-App\lib\win64\vtk\vtkalglib.dll
0x000007fef34d0000 - 0x000007fef34f3000 	C:\Users\BHL\Documents\GitHub\Icy-App\lib\win64\vtk\vtkexpat.dll
0x000007fef34a0000 - 0x000007fef34c3000 	C:\Users\BHL\Documents\GitHub\Icy-App\lib\win64\vtk\vtkDICOMParser.dll
0x000007feeffe0000 - 0x000007fef0007000 	C:\Users\BHL\Documents\GitHub\Icy-App\lib\win64\vtk\vtkjpeg.dll
0x000007feeefb0000 - 0x000007feeefd3000 	C:\Users\BHL\Documents\GitHub\Icy-App\lib\win64\vtk\vtkjsoncpp.dll
0x000007feef690000 - 0x000007feef6a5000 	C:\Users\BHL\Documents\GitHub\Icy-App\lib\win64\vtk\vtkzlib.dll
0x000007feee8a0000 - 0x000007feee8ce000 	C:\Users\BHL\Documents\GitHub\Icy-App\lib\win64\vtk\vtkoggtheora.dll
0x000007feee4d0000 - 0x000007feee502000 	C:\Users\BHL\Documents\GitHub\Icy-App\lib\win64\vtk\vtkverdict.dll
0x000007feee470000 - 0x000007feee493000 	C:\Users\BHL\Documents\GitHub\Icy-App\lib\win64\vtk\vtkpng.dll
0x000007feef540000 - 0x000007feef55b000 	C:\Users\BHL\Documents\GitHub\Icy-App\lib\win64\vtk\vtkgl2ps.dll
0x000007feec210000 - 0x000007feec32d000 	C:\windows\system32\OPENGL32.dll
0x000007feec790000 - 0x000007feec7bd000 	C:\windows\system32\GLU32.dll
0x000007feebcf0000 - 0x000007feebde1000 	C:\windows\system32\DDRAW.dll
0x000007fef48b0000 - 0x000007fef48b8000 	C:\windows\system32\DCIMAN32.dll
0x000007feec3d0000 - 0x000007feec421000 	C:\Users\BHL\Documents\GitHub\Icy-App\lib\win64\vtk\vtktiff.dll
0x000007feeb8b0000 - 0x000007feeb9ee000 	C:\Users\BHL\Documents\GitHub\Icy-App\lib\win64\vtk\vtklibxml2.dll
0x000007feec750000 - 0x000007feec788000 	C:\Users\BHL\Documents\GitHub\Icy-App\lib\win64\vtk\vtkproj4.dll
0x000007feec1c0000 - 0x000007feec20a000 	C:\Users\BHL\Documents\GitHub\Icy-App\lib\win64\vtk\vtksys.dll
0x000007feebe70000 - 0x000007feebee6000 	C:\Users\BHL\Documents\GitHub\Icy-App\lib\win64\vtk\vtkfreetype.dll
0x000007feeb810000 - 0x000007feeb8af000 	C:\Users\BHL\Documents\GitHub\Icy-App\lib\win64\vtk\vtkmetaio.dll
0x000007fef3760000 - 0x000007fef376f000 	C:\Users\BHL\Documents\GitHub\Icy-App\lib\win64\vtk\vtkftgl.dll
0x000007feeb5a0000 - 0x000007feeb80d000 	C:\Users\BHL\Documents\GitHub\Icy-App\lib\win64\vtk\vtkCommonCore.dll
0x000007fef3520000 - 0x000007fef3529000 	C:\Users\BHL\Documents\GitHub\Icy-App\lib\win64\vtk\vtkWrappingJava.dll
0x000007feeef90000 - 0x000007feeefa5000 	C:\Users\BHL\Documents\GitHub\Icy-App\lib\win64\vtk\vtkCommonSystem.dll

VM Arguments:
jvm_args: -Xmx8160m -Xss2048k -XX:CompileCommand=exclude,plugins/kernel/importer/LociImporterPlugin.getImage -XX:MaxPermSize=128M -Dsun.java2d.d3d=false 
java_command: icy.jar
Launcher Type: SUN_STANDARD

Environment Variables:
CLASSPATH=.;C:\Program Files (x86)\QuickTime\QTSystem\QTJava.zip
PATH=C:\Python27\;C:\Python27\Scripts;C:\Program Files (x86)\Intel\MPI-RT\4.0.2.005\em64t\bin;C:\Program Files (x86)\Intel\MPI-RT\4.0.2.005\ia32\bin;C:\Program Files (x86)\Intel\MPI-RT\4.0.2.005\em64t\bin;C:\Python27;C:\Python27;C:\Program Files\Java\jdk1.7.0_21\bin;C:\Program Files (x86)\Microsoft Visual Studio 10.0\VC\bin\x86_ia64;C:\Program Files (x86)\Microsoft Visual Studio 10.0\Common7\IDE;C:\MinGW\bin;C:\Program Files\Java\jre7\bin
USERNAME=BHL
OS=Windows_NT
PROCESSOR_IDENTIFIER=Intel64 Family 6 Model 45 Stepping 7, GenuineIntel



---------------  S Y S T E M  ---------------

OS: Windows 7 , 64 bit Build 7601 Service Pack 1

CPU:total 32 (8 cores per cpu, 2 threads per core) family 6 model 45 stepping 7, cmov, cx8, fxsr, mmx, sse, sse2, sse3, ssse3, sse4.1, sse4.2, popcnt, avx, ht, tsc, tscinvbit, tscinv

Memory: 4k page, physical 25115396k(19600080k free), swap 50228928k(43744184k free)

vm_info: Java HotSpot(TM) 64-Bit Server VM (23.21-b01) for windows-amd64 JRE (1.7.0_21-b11), built on Apr  4 2013 08:11:28 by "java_re" with unknown MS VC++:1600

time: Mon Aug 25 00:21:10 2014
elapsed time: 257 seconds

